<?xml version="1.0" encoding="UTF-8" ?>
<testsuite errors="0" failures="0" hostname="Lentium-II" name="algoFormers.tablero.ColocableTest" tests="1" time="0.125" timestamp="2016-05-26T02:10:07">
  <properties>
    <property name="file.encoding.pkg" value="sun.io" />
    <property name="ivy.retrieve.pattern.ivy.instance" value="/home/vasectomio/Documents/GitHub/AlgoFormers/lib/[artifact]-[revision](-[classifier]).[ext]" />
    <property name="java.vendor.url.ivy.instance" value="http://java.oracle.com/" />
    <property name="ivy.local.default.ivy.pattern.ivy.instance" value="[organisation]/[module]/[revision]/[type]s/[artifact].[ext]" />
    <property name="ivy.project.dir.ivy.instance" value="/home/vasectomio/Documents/GitHub/AlgoFormers" />
    <property name="ivy.resolve.default.type.filter" value="*" />
    <property name="java.home" value="/usr/lib/jvm/java-8-openjdk-amd64/jre" />
    <property name="ivy.configurations.ivy.instance" value="*" />
    <property name="ant.file.type.nicopaez.tutoriales.oo.notas" value="file" />
    <property name="ivy.basedir.ivy.instance" value="/home/vasectomio/Documents/GitHub/AlgoFormers" />
    <property name="ivy.dep.file.ivy.instance" value="ivy.xml" />
    <property name="java.endorsed.dirs" value="/usr/lib/jvm/java-8-openjdk-amd64/jre/lib/endorsed" />
    <property name="java.class.path.ivy.instance" value="/usr/share/ant/lib/ant-launcher.jar:/usr/share/ant/lib/ant-apache-bsf.jar:/usr/share/ant/lib/ant-apache-xalan2.jar:/usr/share/ant/lib/ant-jdepend.jar:/usr/share/ant/lib/ant-junit4.jar:/usr/share/ant/lib/ant-apache-regexp.jar:/usr/share/ant/lib/ant-apache-oro.jar:/usr/share/ant/lib/ant-apache-resolver.jar:/usr/share/ant/lib/ant-commons-logging.jar:/usr/share/ant/lib/ant-junit.jar:/usr/share/ant/lib/ant-apache-bcel.jar:/usr/share/ant/lib/ant-launcher.jar:/usr/share/ant/lib/ant.jar:/usr/share/ant/lib/ant-apache-log4j.jar:/usr/share/ant/lib/ant-antlr.jar:/usr/share/ant/lib/ant-jmf.jar:/usr/share/ant/lib/ant-swing.jar:/usr/share/ant/lib/ant-jsch.jar:/usr/share/ant/lib/ant-javamail.jar:/usr/share/ant/lib/ant-commons-net.jar:/usr/share/ant/lib/ant-testutil.jar:/usr/lib/jvm/java-8-openjdk-amd64/lib/tools.jar" />
    <property name="coverage.xml.dir" value="/home/vasectomio/Documents/GitHub/AlgoFormers/build/reports/cobertura-xml" />
    <property name="ivy.home" value="/home/vasectomio/.ivy2" />
    <property name="src.dir" value="/home/vasectomio/Documents/GitHub/AlgoFormers/src" />
    <property name="java.vm.specification.vendor.ivy.instance" value="Oracle Corporation" />
    <property name="sun.os.patch.level" value="unknown" />
    <property name="ivy.dep.file" value="ivy.xml" />
    <property name="java.vendor.url" value="http://java.oracle.com/" />
    <property name="ivy.local.default.artifact.pattern.ivy.instance" value="[organisation]/[module]/[revision]/[type]s/[artifact].[ext]" />
    <property name="ivy.lib.dir.ivy.instance" value="/home/vasectomio/Documents/GitHub/AlgoFormers/lib" />
    <property name="java.version" value="1.8.0_91" />
    <property name="ivy.conf.dir.ivy.instance" value="jar:file:/home/vasectomio/Documents/GitHub/AlgoFormers/libs/ivy.jar!/org/apache/ivy/core/settings" />
    <property name="sun.boot.library.path.ivy.instance" value="/usr/lib/jvm/java-8-openjdk-amd64/jre/lib/amd64" />
    <property name="ivy.report.output.pattern.ivy.instance" value="[organisation]-[module]-[conf].[ext]" />
    <property name="ivy.module" value="tp-final-algo3" />
    <property name="ivy.publish.src.artifacts.pattern.ivy.instance" value="/home/vasectomio/Documents/GitHub/AlgoFormers/distrib/[type]s/[artifact]-[revision](-[classifier]).[ext]" />
    <property name="java.vendor.url.bug" value="http://bugreport.sun.com/bugreport/" />
    <property name="sun.management.compiler.ivy.instance" value="HotSpot 64-Bit Tiered Compilers" />
    <property name="ant.project.invoked-targets" value="ejecutar.tests" />
    <property name="ivy.local.default.artifact.pattern" value="[organisation]/[module]/[revision]/[type]s/[artifact].[ext]" />
    <property name="os.name.ivy.instance" value="Linux" />
    <property name="ivy.default.ivy.user.dir.ivy.instance" value="/home/vasectomio/.ivy2" />
    <property name="ivy.default.always.check.exact.revision" value="false" />
    <property name="ivy.default.settings.dir.ivy.instance" value="jar:file:/home/vasectomio/Documents/GitHub/AlgoFormers/libs/ivy.jar!/org/apache/ivy/core/settings" />
    <property name="user.name" value="vasectomio" />
    <property name="sun.io.unicode.encoding" value="UnicodeLittle" />
    <property name="ivy.shared.default.root.ivy.instance" value="/home/vasectomio/.ivy2/shared" />
    <property name="sun.jnu.encoding" value="UTF-8" />
    <property name="java.runtime.name" value="OpenJDK Runtime Environment" />
    <property name="ant.home.ivy.instance" value="/usr/share/ant" />
    <property name="file.encoding.ivy.instance" value="UTF-8" />
    <property name="ivy.cache.ttl.default.ivy.instance" value="10s" />
    <property name="java.specification.vendor.ivy.instance" value="Oracle Corporation" />
    <property name="coverage.html.dir" value="/home/vasectomio/Documents/GitHub/AlgoFormers/build/reports/cobertura-html" />
    <property name="java.vendor.ivy.instance" value="Oracle Corporation" />
    <property name="sun.cpu.isalist.ivy.instance" value="" />
    <property name="java.specification.name" value="Java Platform API Specification" />
    <property name="user.timezone" value="" />
    <property name="java.endorsed.dirs.ivy.instance" value="/usr/lib/jvm/java-8-openjdk-amd64/jre/lib/endorsed" />
    <property name="path.separator" value=":" />
    <property name="java.class.version.ivy.instance" value="52.0" />
    <property name="ivy.default.conf.dir" value="jar:file:/home/vasectomio/Documents/GitHub/AlgoFormers/libs/ivy.jar!/org/apache/ivy/core/settings" />
    <property name="file.encoding" value="UTF-8" />
    <property name="java.runtime.name.ivy.instance" value="OpenJDK Runtime Environment" />
    <property name="ivy.resolve.default.type.filter.ivy.instance" value="*" />
    <property name="ant.project.default-target" value="test" />
    <property name="build" value="/home/vasectomio/Documents/GitHub/AlgoFormers/build" />
    <property name="ivy.targets.copied" value="false" />
    <property name="sun.java.command" value="org.apache.tools.ant.taskdefs.optional.junit.JUnitTestRunner testsfile=/home/vasectomio/Documents/GitHub/AlgoFormers/junittestcases6786047845314568840.properties skipNonTests=false filtertrace=true haltOnError=false haltOnFailure=false showoutput=true outputtoformatters=true logfailedtests=true threadid=0 logtestlistenerevents=false formatter=org.apache.tools.ant.taskdefs.optional.junit.XMLJUnitResultFormatter,/home/vasectomio/Documents/GitHub/AlgoFormers/build/reports/junit-xml/IGNORETHIS.xml crashfile=/home/vasectomio/Documents/GitHub/AlgoFormers/junitvmwatcher263771860079315079.properties propsfile=/home/vasectomio/Documents/GitHub/AlgoFormers/junit8576987958493257495.properties" />
    <property name="ivy.shared.default.artifact.pattern" value="[organisation]/[module]/[revision]/[type]s/[artifact].[ext]" />
    <property name="ant.file" value="/home/vasectomio/Documents/GitHub/AlgoFormers/build.xml" />
    <property name="ivy.distrib.dir.ivy.instance" value="/home/vasectomio/Documents/GitHub/AlgoFormers/distrib" />
    <property name="ivy.checksums.ivy.instance" value="sha1,md5" />
    <property name="sun.arch.data.model.ivy.instance" value="64" />
    <property name="ivy.build.artifacts.dir.ivy.instance" value="/home/vasectomio/Documents/GitHub/AlgoFormers/build/artifacts" />
    <property name="instrumented.dir" value="/home/vasectomio/Documents/GitHub/AlgoFormers/build/instrumented" />
    <property name="ivy.settings.file" value="ivysettings.xml" />
    <property name="coverage.summaryxml.dir" value="/home/vasectomio/Documents/GitHub/AlgoFormers/build/reports/cobertura-summary-xml" />
    <property name="java.io.tmpdir" value="/tmp" />
    <property name="ivy.buildlist.ivyfilepath.ivy.instance" value="ivy.xml" />
    <property name="ivy.cache.ttl.default" value="10s" />
    <property name="user.language" value="en" />
    <property name="user.dir.ivy.instance" value="/home/vasectomio/Documents/GitHub/AlgoFormers" />
    <property name="ivy.home.ivy.instance" value="/home/vasectomio/.ivy2" />
    <property name="line.separator" value="&#xa;" />
    <property name="java.specification.version.ivy.instance" value="1.8" />
    <property name="ant.file.type" value="file" />
    <property name="ivy.build.artifacts.dir" value="/home/vasectomio/Documents/GitHub/AlgoFormers/build/artifacts" />
    <property name="sun.io.unicode.encoding.ivy.instance" value="UnicodeLittle" />
    <property name="ivy.status" value="integration" />
    <property name="java.vm.info" value="mixed mode" />
    <property name="ivy.lib.dir" value="/home/vasectomio/Documents/GitHub/AlgoFormers/lib" />
    <property name="sun.desktop" value="gnome" />
    <property name="java.vm.specification.name" value="Java Virtual Machine Specification" />
    <property name="ivy.default.conf.dir.ivy.instance" value="jar:file:/home/vasectomio/Documents/GitHub/AlgoFormers/libs/ivy.jar!/org/apache/ivy/core/settings" />
    <property name="java.vm.version.ivy.instance" value="25.91-b14" />
    <property name="ivy.install.version" value="2.2.0" />
    <property name="cobertura.dir" value="/home/vasectomio/Documents/GitHub/AlgoFormers/libs" />
    <property name="user.name.ivy.instance" value="vasectomio" />
    <property name="ivy.cache.dir" value="/home/vasectomio/.ivy2/cache" />
    <property name="java.awt.printerjob" value="sun.print.PSPrinterJob" />
    <property name="java.io.tmpdir.ivy.instance" value="/tmp" />
    <property name="ant.version" value="Apache Ant(TM) version 1.9.6 compiled on July 8 2015" />
    <property name="java.home.ivy.instance" value="/usr/lib/jvm/java-8-openjdk-amd64/jre" />
    <property name="java.vm.vendor.ivy.instance" value="Oracle Corporation" />
    <property name="ivy.default.settings.dir" value="jar:file:/home/vasectomio/Documents/GitHub/AlgoFormers/libs/ivy.jar!/org/apache/ivy/core/settings" />
    <property name="ivy.configurations" value="*" />
    <property name="ivy.settings.url" value="jar:file:/home/vasectomio/Documents/GitHub/AlgoFormers/libs/ivy.jar!/org/apache/ivy/core/settings/ivysettings.xml" />
    <property name="os.name" value="Linux" />
    <property name="java.specification.vendor" value="Oracle Corporation" />
    <property name="sun.jnu.encoding.ivy.instance" value="UTF-8" />
    <property name="ivy.deliver.ivy.pattern.ivy.instance" value="/home/vasectomio/Documents/GitHub/AlgoFormers/distrib/[type]s/[artifact]-[revision](-[classifier]).[ext]" />
    <property name="ivy.checksums" value="sha1,md5" />
    <property name="java.vm.name" value="OpenJDK 64-Bit Server VM" />
    <property name="ivy.jar.file" value="/home/vasectomio/Documents/GitHub/AlgoFormers/libs//ivy.jar" />
    <property name="ivy.log.modules.in.use" value="false" />
    <property name="java.runtime.version.ivy.instance" value="1.8.0_91-8u91-b14-0ubuntu4~16.04.1-b14" />
    <property name="ivy.report.output.pattern" value="[organisation]-[module]-[conf].[ext]" />
    <property name="ivy.version" value="2.2.0" />
    <property name="java.library.path" value="/usr/java/packages/lib/amd64:/usr/lib/x86_64-linux-gnu/jni:/lib/x86_64-linux-gnu:/usr/lib/x86_64-linux-gnu:/usr/lib/jni:/lib:/usr/lib" />
    <property name="ivy.conf.url" value="jar:file:/home/vasectomio/Documents/GitHub/AlgoFormers/libs/ivy.jar!/org/apache/ivy/core/settings/ivysettings.xml" />
    <property name="java.vm.name.ivy.instance" value="OpenJDK 64-Bit Server VM" />
    <property name="os.version.ivy.instance" value="4.4.0-22-generic" />
    <property name="line.separator.ivy.instance" value="&#xa;" />
    <property name="ant.java.version" value="1.8" />
    <property name="sun.desktop.ivy.instance" value="gnome" />
    <property name="sun.cpu.endian.ivy.instance" value="little" />
    <property name="java.vm.specification.name.ivy.instance" value="Java Virtual Machine Specification" />
    <property name="basedir" value="/home/vasectomio/Documents/GitHub/AlgoFormers" />
    <property name="java.class.version" value="52.0" />
    <property name="ivy.settings.url.ivy.instance" value="jar:file:/home/vasectomio/Documents/GitHub/AlgoFormers/libs/ivy.jar!/org/apache/ivy/core/settings/ivysettings.xml" />
    <property name="path.separator.ivy.instance" value=":" />
    <property name="sun.boot.class.path.ivy.instance" value="/usr/lib/jvm/java-8-openjdk-amd64/jre/lib/resources.jar:/usr/lib/jvm/java-8-openjdk-amd64/jre/lib/rt.jar:/usr/lib/jvm/java-8-openjdk-amd64/jre/lib/sunrsasign.jar:/usr/lib/jvm/java-8-openjdk-amd64/jre/lib/jsse.jar:/usr/lib/jvm/java-8-openjdk-amd64/jre/lib/jce.jar:/usr/lib/jvm/java-8-openjdk-amd64/jre/lib/charsets.jar:/usr/lib/jvm/java-8-openjdk-amd64/jre/lib/jfr.jar:/usr/lib/jvm/java-8-openjdk-amd64/jre/classes" />
    <property name="ant.home" value="/usr/share/ant" />
    <property name="ivy.resolved.configurations" value="analysis" />
    <property name="ivy.deliver.ivy.pattern" value="/home/vasectomio/Documents/GitHub/AlgoFormers/distrib/[type]s/[artifact]-[revision](-[classifier]).[ext]" />
    <property name="net.sourceforge.cobertura.datafile" value="/home/vasectomio/Documents/GitHub/AlgoFormers/build/cobertura.ser" />
    <property name="sun.boot.library.path" value="/usr/lib/jvm/java-8-openjdk-amd64/jre/lib/amd64" />
    <property name="ivy.default.always.check.exact.revision.ivy.instance" value="false" />
    <property name="java.library.path.ivy.instance" value="/usr/java/packages/lib/amd64:/usr/lib/x86_64-linux-gnu/jni:/lib/x86_64-linux-gnu:/usr/lib/x86_64-linux-gnu:/usr/lib/jni:/lib:/usr/lib" />
    <property name="awt.toolkit.ivy.instance" value="sun.awt.X11.XToolkit" />
    <property name="ivy.basedir" value="/home/vasectomio/Documents/GitHub/AlgoFormers" />
    <property name="sun.management.compiler" value="HotSpot 64-Bit Tiered Compilers" />
    <property name="pmd.dir" value="/home/vasectomio/Documents/GitHub/AlgoFormers/libs/analysis" />
    <property name="java.ext.dirs.ivy.instance" value="/usr/lib/jvm/java-8-openjdk-amd64/jre/lib/ext:/usr/java/packages/lib/ext" />
    <property name="java.awt.graphicsenv" value="sun.awt.X11GraphicsEnvironment" />
    <property name="ivy.log.modules.in.use.ivy.instance" value="false" />
    <property name="sun.os.patch.level.ivy.instance" value="unknown" />
    <property name="file.encoding.pkg.ivy.instance" value="sun.io" />
    <property name="ivy.resolver.default.check.modified" value="false" />
    <property name="ivy.shared.default.ivy.pattern" value="[organisation]/[module]/[revision]/[type]s/[artifact].[ext]" />
    <property name="ivy.settings.file.ivy.instance" value="ivysettings.xml" />
    <property name="ivy.nb.targets.copied" value="0" />
    <property name="ant.project.name" value="nicopaez.tutoriales.oo.notas" />
    <property name="ivy.cache.dir.ivy.instance" value="/home/vasectomio/.ivy2/cache" />
    <property name="java.vm.specification.version" value="1.8" />
    <property name="libs" value="/home/vasectomio/Documents/GitHub/AlgoFormers/libs" />
    <property name="ivy.status.ivy.instance" value="integration" />
    <property name="awt.toolkit" value="sun.awt.X11.XToolkit" />
    <property name="reports.xml.dir" value="/home/vasectomio/Documents/GitHub/AlgoFormers/build/reports/junit-xml" />
    <property name="sun.cpu.isalist" value="" />
    <property name="file.separator.ivy.instance" value="/" />
    <property name="ivy.local.default.root.ivy.instance" value="/home/vasectomio/.ivy2/local" />
    <property name="ivy.deps.changed" value="false" />
    <property name="java.ext.dirs" value="/usr/lib/jvm/java-8-openjdk-amd64/jre/lib/ext:/usr/java/packages/lib/ext" />
    <property name="os.version" value="4.4.0-22-generic" />
    <property name="user.home" value="/home/vasectomio" />
    <property name="sun.java.launcher.ivy.instance" value="SUN_STANDARD" />
    <property name="java.vm.vendor" value="Oracle Corporation" />
    <property name="ivy.local.default.root" value="/home/vasectomio/.ivy2/local" />
    <property name="ivy.organisation" value="org.apache" />
    <property name="user.dir" value="/home/vasectomio/Documents/GitHub/AlgoFormers" />
    <property name="ant.library.dir.ivy.instance" value="/usr/share/ant/lib" />
    <property name="ivy.local.default.ivy.pattern" value="[organisation]/[module]/[revision]/[type]s/[artifact].[ext]" />
    <property name="ivy.shared.default.ivy.pattern.ivy.instance" value="[organisation]/[module]/[revision]/[type]s/[artifact].[ext]" />
    <property name="java.vm.info.ivy.instance" value="mixed mode" />
    <property name="ivy.publish.src.artifacts.pattern" value="/home/vasectomio/Documents/GitHub/AlgoFormers/distrib/[type]s/[artifact]-[revision](-[classifier]).[ext]" />
    <property name="sun.java.command.ivy.instance" value="org.apache.tools.ant.launch.Launcher -cp  ejecutar.tests" />
    <property name="ivy.distrib.dir" value="/home/vasectomio/Documents/GitHub/AlgoFormers/distrib" />
    <property name="sun.cpu.endian" value="little" />
    <property name="ivy.revision" value="working@Lentium-II" />
    <property name="user.timezone.ivy.instance" value="America/Argentina/Buenos_Aires" />
    <property name="java.vm.version" value="25.91-b14" />
    <property name="java.class.path" value="/home/vasectomio/Documents/GitHub/AlgoFormers/build/instrumented:/home/vasectomio/Documents/GitHub/AlgoFormers/build:/home/vasectomio/Documents/GitHub/AlgoFormers/libs/ant-jar-1.8.3.jar:/home/vasectomio/Documents/GitHub/AlgoFormers/libs/ant-junit-jar-1.8.3.jar:/home/vasectomio/Documents/GitHub/AlgoFormers/libs/ant-launcher-jar-1.8.3.jar:/home/vasectomio/Documents/GitHub/AlgoFormers/libs/asm-analysis-jar-5.0.1.jar:/home/vasectomio/Documents/GitHub/AlgoFormers/libs/asm-commons-jar-5.0.1.jar:/home/vasectomio/Documents/GitHub/AlgoFormers/libs/asm-jar-5.0.1.jar:/home/vasectomio/Documents/GitHub/AlgoFormers/libs/asm-tree-jar-5.0.1.jar:/home/vasectomio/Documents/GitHub/AlgoFormers/libs/asm-util-jar-5.0.1.jar:/home/vasectomio/Documents/GitHub/AlgoFormers/libs/cobertura-jar-2.1.1.jar:/home/vasectomio/Documents/GitHub/AlgoFormers/libs/commons-lang3-jar-3.3.2.jar:/home/vasectomio/Documents/GitHub/AlgoFormers/libs/hamcrest-core-jar-1.3.jar:/home/vasectomio/Documents/GitHub/AlgoFormers/libs/ivy.jar:/home/vasectomio/Documents/GitHub/AlgoFormers/libs/jaxen-jar-1.1.4.jar:/home/vasectomio/Documents/GitHub/AlgoFormers/libs/jetty-jar-6.1.14.jar:/home/vasectomio/Documents/GitHub/AlgoFormers/libs/jetty-util-jar-6.1.14.jar:/home/vasectomio/Documents/GitHub/AlgoFormers/libs/junit-jar-4.11.jar:/home/vasectomio/Documents/GitHub/AlgoFormers/libs/logback-classic-jar-1.0.13.jar:/home/vasectomio/Documents/GitHub/AlgoFormers/libs/logback-core-jar-1.0.13.jar:/home/vasectomio/Documents/GitHub/AlgoFormers/libs/mockito-all-jar-1.9.0.jar:/home/vasectomio/Documents/GitHub/AlgoFormers/libs/oro-jar-2.0.8.jar:/home/vasectomio/Documents/GitHub/AlgoFormers/libs/servlet-api-2.5-jar-6.1.14.jar:/home/vasectomio/Documents/GitHub/AlgoFormers/libs/slf4j-api-jar-1.7.5.jar:/home/vasectomio/Documents/GitHub/AlgoFormers/build/tests:/usr/share/java/ant-launcher-1.9.6.jar:/usr/share/ant/lib/ant.jar:/usr/share/ant/lib/ant-junit.jar:/usr/share/ant/lib/ant-junit4.jar" />
    <property name="ivy.default.ivy.user.dir" value="/home/vasectomio/.ivy2" />
    <property name="user.home.ivy.instance" value="/home/vasectomio" />
    <property name="basedir.ivy.instance" value="/home/vasectomio/Documents/GitHub/AlgoFormers" />
    <property name="ant.library.dir" value="/usr/share/ant/lib" />
    <property name="os.arch" value="amd64" />
    <property name="ivy.jar.dir" value="/home/vasectomio/Documents/GitHub/AlgoFormers/libs/" />
    <property name="java.awt.graphicsenv.ivy.instance" value="sun.awt.X11GraphicsEnvironment" />
    <property name="ant.file.nicopaez.tutoriales.oo.notas" value="/home/vasectomio/Documents/GitHub/AlgoFormers/build.xml" />
    <property name="java.vendor.url.bug.ivy.instance" value="http://bugreport.sun.com/bugreport/" />
    <property name="java.vm.specification.version.ivy.instance" value="1.8" />
    <property name="sun.java.launcher" value="SUN_STANDARD" />
    <property name="classes.dir" value="/home/vasectomio/Documents/GitHub/AlgoFormers/build" />
    <property name="java.awt.printerjob.ivy.instance" value="sun.print.PSPrinterJob" />
    <property name="ivy.settings.dir.ivy.instance" value="jar:file:/home/vasectomio/Documents/GitHub/AlgoFormers/libs/ivy.jar!/org/apache/ivy/core/settings" />
    <property name="ant.core.lib" value="/usr/share/ant/lib/ant.jar" />
    <property name="ivy.resolver.default.check.modified.ivy.instance" value="false" />
    <property name="java.vm.specification.vendor" value="Oracle Corporation" />
    <property name="ivy.settings.dir" value="jar:file:/home/vasectomio/Documents/GitHub/AlgoFormers/libs/ivy.jar!/org/apache/ivy/core/settings" />
    <property name="reports.html.dir" value="/home/vasectomio/Documents/GitHub/AlgoFormers/build/reports/junit-html" />
    <property name="file.separator" value="/" />
    <property name="user.language.ivy.instance" value="en" />
    <property name="ivy.shared.default.artifact.pattern.ivy.instance" value="[organisation]/[module]/[revision]/[type]s/[artifact].[ext]" />
    <property name="user.country.ivy.instance" value="US" />
    <property name="ivy.conf.url.ivy.instance" value="jar:file:/home/vasectomio/Documents/GitHub/AlgoFormers/libs/ivy.jar!/org/apache/ivy/core/settings/ivysettings.xml" />
    <property name="java.runtime.version" value="1.8.0_91-8u91-b14-0ubuntu4~16.04.1-b14" />
    <property name="java.specification.name.ivy.instance" value="Java Platform API Specification" />
    <property name="reports.dir" value="/home/vasectomio/Documents/GitHub/AlgoFormers/build/reports" />
    <property name="sun.boot.class.path" value="/usr/lib/jvm/java-8-openjdk-amd64/jre/lib/resources.jar:/usr/lib/jvm/java-8-openjdk-amd64/jre/lib/rt.jar:/usr/lib/jvm/java-8-openjdk-amd64/jre/lib/sunrsasign.jar:/usr/lib/jvm/java-8-openjdk-amd64/jre/lib/jsse.jar:/usr/lib/jvm/java-8-openjdk-amd64/jre/lib/jce.jar:/usr/lib/jvm/java-8-openjdk-amd64/jre/lib/charsets.jar:/usr/lib/jvm/java-8-openjdk-amd64/jre/lib/jfr.jar:/usr/lib/jvm/java-8-openjdk-amd64/jre/classes" />
    <property name="ivy.conf.dir" value="jar:file:/home/vasectomio/Documents/GitHub/AlgoFormers/libs/ivy.jar!/org/apache/ivy/core/settings" />
    <property name="ivy.retrieve.pattern" value="/home/vasectomio/Documents/GitHub/AlgoFormers/lib/[artifact]-[revision](-[classifier]).[ext]" />
    <property name="user.country" value="US" />
    <property name="ivy.shared.default.root" value="/home/vasectomio/.ivy2/shared" />
    <property name="java.version.ivy.instance" value="1.8.0_91" />
    <property name="ivy.resolved.file" value="/home/vasectomio/Documents/GitHub/AlgoFormers/ivy.xml" />
    <property name="os.arch.ivy.instance" value="amd64" />
    <property name="java.vendor" value="Oracle Corporation" />
    <property name="ivy.project.dir" value="/home/vasectomio/Documents/GitHub/AlgoFormers" />
    <property name="java.specification.version" value="1.8" />
    <property name="sun.arch.data.model" value="64" />
    <property name="ivy.buildlist.ivyfilepath" value="ivy.xml" />
  </properties>
  <testcase classname="algoFormers.tablero.ColocableTest" name="espacioVacioNoOcupaLugar" time="0.086" />
  <system-out><![CDATA[]]></system-out>
  <system-err><![CDATA[]]></system-err>
</testsuite>
